{"/Users/po4tion/Desktop/study/learn/jest/dream-coding/react-jest/src/App.js": {"path":"/Users/po4tion/Desktop/study/learn/jest/dream-coding/react-jest/src/App.js","statementMap":{"0":{"start":{"line":6,"column":20},"end":{"line":6,"column":37}},"1":{"start":{"line":9,"column":2},"end":{"line":18,"column":4}}},"fnMap":{"0":{"name":"App","decl":{"start":{"line":8,"column":9},"end":{"line":8,"column":12}},"loc":{"start":{"line":8,"column":15},"end":{"line":19,"column":1}},"line":8}},"branchMap":{},"s":{"0":0,"1":0},"f":{"0":0},"b":{}}
,"/Users/po4tion/Desktop/study/learn/jest/dream-coding/react-jest/src/index.js": {"path":"/Users/po4tion/Desktop/study/learn/jest/dream-coding/react-jest/src/index.js","statementMap":{"0":{"start":{"line":11,"column":15},"end":{"line":23,"column":2}},"1":{"start":{"line":24,"column":13},"end":{"line":24,"column":65}},"2":{"start":{"line":25,"column":0},"end":{"line":29,"column":2}},"3":{"start":{"line":34,"column":0},"end":{"line":34,"column":18}}},"fnMap":{},"branchMap":{},"s":{"0":0,"1":0,"2":0,"3":0},"f":{},"b":{}}
,"/Users/po4tion/Desktop/study/learn/jest/dream-coding/react-jest/src/reportWebVitals.js": {"path":"/Users/po4tion/Desktop/study/learn/jest/dream-coding/react-jest/src/reportWebVitals.js","statementMap":{"0":{"start":{"line":1,"column":24},"end":{"line":11,"column":1}},"1":{"start":{"line":2,"column":2},"end":{"line":10,"column":3}},"2":{"start":{"line":3,"column":4},"end":{"line":9,"column":7}},"3":{"start":{"line":4,"column":6},"end":{"line":4,"column":26}},"4":{"start":{"line":5,"column":6},"end":{"line":5,"column":26}},"5":{"start":{"line":6,"column":6},"end":{"line":6,"column":26}},"6":{"start":{"line":7,"column":6},"end":{"line":7,"column":26}},"7":{"start":{"line":8,"column":6},"end":{"line":8,"column":27}}},"fnMap":{"0":{"name":"(anonymous_0)","decl":{"start":{"line":1,"column":24},"end":{"line":1,"column":25}},"loc":{"start":{"line":1,"column":39},"end":{"line":11,"column":1}},"line":1},"1":{"name":"(anonymous_1)","decl":{"start":{"line":3,"column":30},"end":{"line":3,"column":31}},"loc":{"start":{"line":3,"column":79},"end":{"line":9,"column":5}},"line":3}},"branchMap":{"0":{"loc":{"start":{"line":2,"column":2},"end":{"line":10,"column":3}},"type":"if","locations":[{"start":{"line":2,"column":2},"end":{"line":10,"column":3}},{"start":{},"end":{}}],"line":2},"1":{"loc":{"start":{"line":2,"column":6},"end":{"line":2,"column":52}},"type":"binary-expr","locations":[{"start":{"line":2,"column":6},"end":{"line":2,"column":17}},{"start":{"line":2,"column":21},"end":{"line":2,"column":52}}],"line":2}},"s":{"0":0,"1":0,"2":0,"3":0,"4":0,"5":0,"6":0,"7":0},"f":{"0":0,"1":0},"b":{"0":[0,0],"1":[0,0]}}
,"/Users/po4tion/Desktop/study/learn/jest/dream-coding/react-jest/src/api/fakeYotubeClient.js": {"path":"/Users/po4tion/Desktop/study/learn/jest/dream-coding/react-jest/src/api/fakeYotubeClient.js","statementMap":{"0":{"start":{"line":5,"column":4},"end":{"line":7,"column":6}},"1":{"start":{"line":10,"column":4},"end":{"line":10,"column":45}},"2":{"start":{"line":13,"column":4},"end":{"line":13,"column":45}}},"fnMap":{"0":{"name":"(anonymous_0)","decl":{"start":{"line":4,"column":2},"end":{"line":4,"column":3}},"loc":{"start":{"line":4,"column":27},"end":{"line":8,"column":3}},"line":4},"1":{"name":"(anonymous_1)","decl":{"start":{"line":9,"column":2},"end":{"line":9,"column":3}},"loc":{"start":{"line":9,"column":17},"end":{"line":11,"column":3}},"line":9},"2":{"name":"(anonymous_2)","decl":{"start":{"line":12,"column":2},"end":{"line":12,"column":3}},"loc":{"start":{"line":12,"column":19},"end":{"line":14,"column":3}},"line":12}},"branchMap":{"0":{"loc":{"start":{"line":6,"column":17},"end":{"line":6,"column":63}},"type":"cond-expr","locations":[{"start":{"line":6,"column":43},"end":{"line":6,"column":52}},{"start":{"line":6,"column":55},"end":{"line":6,"column":63}}],"line":6}},"s":{"0":0,"1":0,"2":0},"f":{"0":0,"1":0,"2":0},"b":{"0":[0,0]}}
,"/Users/po4tion/Desktop/study/learn/jest/dream-coding/react-jest/src/api/youtube.js": {"path":"/Users/po4tion/Desktop/study/learn/jest/dream-coding/react-jest/src/api/youtube.js","statementMap":{"0":{"start":{"line":3,"column":4},"end":{"line":3,"column":31}},"1":{"start":{"line":7,"column":4},"end":{"line":7,"column":74}},"2":{"start":{"line":11,"column":4},"end":{"line":13,"column":71}},"3":{"start":{"line":13,"column":21},"end":{"line":13,"column":69}},"4":{"start":{"line":17,"column":4},"end":{"line":28,"column":8}},"5":{"start":{"line":27,"column":8},"end":{"line":27,"column":72}},"6":{"start":{"line":27,"column":38},"end":{"line":27,"column":70}},"7":{"start":{"line":32,"column":4},"end":{"line":43,"column":8}},"8":{"start":{"line":42,"column":8},"end":{"line":42,"column":72}},"9":{"start":{"line":42,"column":38},"end":{"line":42,"column":70}},"10":{"start":{"line":47,"column":4},"end":{"line":55,"column":37}},"11":{"start":{"line":55,"column":21},"end":{"line":55,"column":35}}},"fnMap":{"0":{"name":"(anonymous_0)","decl":{"start":{"line":2,"column":2},"end":{"line":2,"column":3}},"loc":{"start":{"line":2,"column":25},"end":{"line":4,"column":3}},"line":2},"1":{"name":"(anonymous_1)","decl":{"start":{"line":6,"column":2},"end":{"line":6,"column":3}},"loc":{"start":{"line":6,"column":24},"end":{"line":8,"column":3}},"line":6},"2":{"name":"(anonymous_2)","decl":{"start":{"line":10,"column":2},"end":{"line":10,"column":3}},"loc":{"start":{"line":10,"column":28},"end":{"line":14,"column":3}},"line":10},"3":{"name":"(anonymous_3)","decl":{"start":{"line":13,"column":12},"end":{"line":13,"column":13}},"loc":{"start":{"line":13,"column":21},"end":{"line":13,"column":69}},"line":13},"4":{"name":"(anonymous_4)","decl":{"start":{"line":16,"column":2},"end":{"line":16,"column":3}},"loc":{"start":{"line":16,"column":26},"end":{"line":29,"column":3}},"line":16},"5":{"name":"(anonymous_5)","decl":{"start":{"line":26,"column":12},"end":{"line":26,"column":13}},"loc":{"start":{"line":27,"column":8},"end":{"line":27,"column":72}},"line":27},"6":{"name":"(anonymous_6)","decl":{"start":{"line":27,"column":27},"end":{"line":27,"column":28}},"loc":{"start":{"line":27,"column":38},"end":{"line":27,"column":70}},"line":27},"7":{"name":"(anonymous_7)","decl":{"start":{"line":41,"column":12},"end":{"line":41,"column":13}},"loc":{"start":{"line":42,"column":8},"end":{"line":42,"column":72}},"line":42},"8":{"name":"(anonymous_8)","decl":{"start":{"line":42,"column":27},"end":{"line":42,"column":28}},"loc":{"start":{"line":42,"column":38},"end":{"line":42,"column":70}},"line":42},"9":{"name":"(anonymous_9)","decl":{"start":{"line":55,"column":12},"end":{"line":55,"column":13}},"loc":{"start":{"line":55,"column":21},"end":{"line":55,"column":35}},"line":55}},"branchMap":{"0":{"loc":{"start":{"line":7,"column":11},"end":{"line":7,"column":73}},"type":"cond-expr","locations":[{"start":{"line":7,"column":21},"end":{"line":7,"column":51}},{"start":{"line":7,"column":54},"end":{"line":7,"column":73}}],"line":7}},"s":{"0":0,"1":0,"2":0,"3":0,"4":0,"5":0,"6":0,"7":0,"8":0,"9":0,"10":0,"11":0},"f":{"0":0,"1":0,"2":0,"3":0,"4":0,"5":0,"6":0,"7":0,"8":0,"9":0},"b":{"0":[0,0]}}
,"/Users/po4tion/Desktop/study/learn/jest/dream-coding/react-jest/src/api/youtubeClient.js": {"path":"/Users/po4tion/Desktop/study/learn/jest/dream-coding/react-jest/src/api/youtubeClient.js","statementMap":{"0":{"start":{"line":5,"column":4},"end":{"line":8,"column":7}},"1":{"start":{"line":12,"column":4},"end":{"line":12,"column":49}},"2":{"start":{"line":16,"column":4},"end":{"line":16,"column":49}},"3":{"start":{"line":20,"column":4},"end":{"line":20,"column":51}}},"fnMap":{"0":{"name":"(anonymous_0)","decl":{"start":{"line":4,"column":2},"end":{"line":4,"column":3}},"loc":{"start":{"line":4,"column":16},"end":{"line":9,"column":3}},"line":4},"1":{"name":"(anonymous_1)","decl":{"start":{"line":11,"column":2},"end":{"line":11,"column":3}},"loc":{"start":{"line":11,"column":23},"end":{"line":13,"column":3}},"line":11},"2":{"name":"(anonymous_2)","decl":{"start":{"line":15,"column":2},"end":{"line":15,"column":3}},"loc":{"start":{"line":15,"column":23},"end":{"line":17,"column":3}},"line":15},"3":{"name":"(anonymous_3)","decl":{"start":{"line":19,"column":2},"end":{"line":19,"column":3}},"loc":{"start":{"line":19,"column":25},"end":{"line":21,"column":3}},"line":19}},"branchMap":{},"s":{"0":0,"1":0,"2":0,"3":0},"f":{"0":0,"1":0,"2":0,"3":0},"b":{}}
,"/Users/po4tion/Desktop/study/learn/jest/dream-coding/react-jest/src/components/ChannelInfo.jsx": {"path":"/Users/po4tion/Desktop/study/learn/jest/dream-coding/react-jest/src/components/ChannelInfo.jsx","statementMap":{"0":{"start":{"line":6,"column":22},"end":{"line":6,"column":37}},"1":{"start":{"line":7,"column":24},"end":{"line":11,"column":3}},"2":{"start":{"line":9,"column":10},"end":{"line":9,"column":37}},"3":{"start":{"line":12,"column":2},"end":{"line":17,"column":4}}},"fnMap":{"0":{"name":"ChannelInfo","decl":{"start":{"line":5,"column":24},"end":{"line":5,"column":35}},"loc":{"start":{"line":5,"column":50},"end":{"line":18,"column":1}},"line":5},"1":{"name":"(anonymous_1)","decl":{"start":{"line":9,"column":4},"end":{"line":9,"column":5}},"loc":{"start":{"line":9,"column":10},"end":{"line":9,"column":37}},"line":9}},"branchMap":{"0":{"loc":{"start":{"line":14,"column":7},"end":{"line":14,"column":77}},"type":"binary-expr","locations":[{"start":{"line":14,"column":7},"end":{"line":14,"column":10}},{"start":{"line":14,"column":14},"end":{"line":14,"column":77}}],"line":14}},"s":{"0":1,"1":1,"2":1,"3":1},"f":{"0":1,"1":1},"b":{"0":[1,0]},"_coverageSchema":"1a1c01bbd47fc00a2c39e90264f33305004495a9","hash":"61a01d9d5086f7be9aafd3f57cb98cf04ec5d601"}
,"/Users/po4tion/Desktop/study/learn/jest/dream-coding/react-jest/src/components/RelatedVideos.jsx": {"path":"/Users/po4tion/Desktop/study/learn/jest/dream-coding/react-jest/src/components/RelatedVideos.jsx","statementMap":{"0":{"start":{"line":6,"column":22},"end":{"line":6,"column":37}},"1":{"start":{"line":11,"column":6},"end":{"line":13,"column":4}},"2":{"start":{"line":11,"column":38},"end":{"line":11,"column":63}},"3":{"start":{"line":14,"column":2},"end":{"line":26,"column":4}},"4":{"start":{"line":21,"column":12},"end":{"line":21,"column":66}}},"fnMap":{"0":{"name":"RelatedVideos","decl":{"start":{"line":5,"column":24},"end":{"line":5,"column":37}},"loc":{"start":{"line":5,"column":46},"end":{"line":27,"column":1}},"line":5},"1":{"name":"(anonymous_1)","decl":{"start":{"line":11,"column":32},"end":{"line":11,"column":33}},"loc":{"start":{"line":11,"column":38},"end":{"line":11,"column":63}},"line":11},"2":{"name":"(anonymous_2)","decl":{"start":{"line":20,"column":22},"end":{"line":20,"column":23}},"loc":{"start":{"line":21,"column":12},"end":{"line":21,"column":66}},"line":21}},"branchMap":{"0":{"loc":{"start":{"line":16,"column":7},"end":{"line":16,"column":37}},"type":"binary-expr","locations":[{"start":{"line":16,"column":7},"end":{"line":16,"column":16}},{"start":{"line":16,"column":20},"end":{"line":16,"column":37}}],"line":16},"1":{"loc":{"start":{"line":17,"column":7},"end":{"line":17,"column":44}},"type":"binary-expr","locations":[{"start":{"line":17,"column":7},"end":{"line":17,"column":12}},{"start":{"line":17,"column":16},"end":{"line":17,"column":44}}],"line":17},"2":{"loc":{"start":{"line":18,"column":7},"end":{"line":24,"column":7}},"type":"binary-expr","locations":[{"start":{"line":18,"column":7},"end":{"line":18,"column":13}},{"start":{"line":19,"column":8},"end":{"line":23,"column":13}}],"line":18}},"s":{"0":0,"1":0,"2":0,"3":0,"4":0},"f":{"0":0,"1":0,"2":0},"b":{"0":[0,0],"1":[0,0],"2":[0,0]}}
,"/Users/po4tion/Desktop/study/learn/jest/dream-coding/react-jest/src/components/SearchHeader.jsx": {"path":"/Users/po4tion/Desktop/study/learn/jest/dream-coding/react-jest/src/components/SearchHeader.jsx","statementMap":{"0":{"start":{"line":6,"column":22},"end":{"line":6,"column":33}},"1":{"start":{"line":7,"column":19},"end":{"line":7,"column":32}},"2":{"start":{"line":8,"column":26},"end":{"line":8,"column":38}},"3":{"start":{"line":9,"column":23},"end":{"line":12,"column":3}},"4":{"start":{"line":10,"column":4},"end":{"line":10,"column":23}},"5":{"start":{"line":11,"column":4},"end":{"line":11,"column":32}},"6":{"start":{"line":14,"column":2},"end":{"line":14,"column":53}},"7":{"start":{"line":14,"column":18},"end":{"line":14,"column":40}},"8":{"start":{"line":16,"column":2},"end":{"line":35,"column":4}},"9":{"start":{"line":28,"column":27},"end":{"line":28,"column":50}}},"fnMap":{"0":{"name":"SearchHeader","decl":{"start":{"line":5,"column":24},"end":{"line":5,"column":36}},"loc":{"start":{"line":5,"column":39},"end":{"line":36,"column":1}},"line":5},"1":{"name":"(anonymous_1)","decl":{"start":{"line":9,"column":23},"end":{"line":9,"column":24}},"loc":{"start":{"line":9,"column":30},"end":{"line":12,"column":3}},"line":9},"2":{"name":"(anonymous_2)","decl":{"start":{"line":14,"column":12},"end":{"line":14,"column":13}},"loc":{"start":{"line":14,"column":18},"end":{"line":14,"column":40}},"line":14},"3":{"name":"(anonymous_3)","decl":{"start":{"line":28,"column":20},"end":{"line":28,"column":21}},"loc":{"start":{"line":28,"column":27},"end":{"line":28,"column":50}},"line":28}},"branchMap":{"0":{"loc":{"start":{"line":14,"column":26},"end":{"line":14,"column":39}},"type":"binary-expr","locations":[{"start":{"line":14,"column":26},"end":{"line":14,"column":33}},{"start":{"line":14,"column":37},"end":{"line":14,"column":39}}],"line":14}},"s":{"0":10,"1":10,"2":10,"3":10,"4":1,"5":1,"6":10,"7":2,"8":10,"9":5},"f":{"0":10,"1":1,"2":2,"3":5},"b":{"0":[2,1]},"_coverageSchema":"1a1c01bbd47fc00a2c39e90264f33305004495a9","hash":"96a100799e15cad3837f426b874e20fb5da04fd2"}
,"/Users/po4tion/Desktop/study/learn/jest/dream-coding/react-jest/src/components/VideoCard.jsx": {"path":"/Users/po4tion/Desktop/study/learn/jest/dream-coding/react-jest/src/components/VideoCard.jsx","statementMap":{"0":{"start":{"line":6,"column":59},"end":{"line":6,"column":72}},"1":{"start":{"line":7,"column":19},"end":{"line":7,"column":32}},"2":{"start":{"line":8,"column":17},"end":{"line":8,"column":32}},"3":{"start":{"line":9,"column":2},"end":{"line":27,"column":4}},"4":{"start":{"line":13,"column":8},"end":{"line":13,"column":68}}},"fnMap":{"0":{"name":"VideoCard","decl":{"start":{"line":5,"column":24},"end":{"line":5,"column":33}},"loc":{"start":{"line":5,"column":51},"end":{"line":28,"column":1}},"line":5},"1":{"name":"(anonymous_1)","decl":{"start":{"line":12,"column":15},"end":{"line":12,"column":16}},"loc":{"start":{"line":12,"column":21},"end":{"line":14,"column":7}},"line":12}},"branchMap":{"0":{"loc":{"start":{"line":11,"column":17},"end":{"line":11,"column":47}},"type":"cond-expr","locations":[{"start":{"line":11,"column":26},"end":{"line":11,"column":42}},{"start":{"line":11,"column":45},"end":{"line":11,"column":47}}],"line":11},"1":{"loc":{"start":{"line":17,"column":19},"end":{"line":17,"column":50}},"type":"cond-expr","locations":[{"start":{"line":17,"column":28},"end":{"line":17,"column":39}},{"start":{"line":17,"column":42},"end":{"line":17,"column":50}}],"line":17}},"s":{"0":4,"1":4,"2":4,"3":4,"4":1},"f":{"0":4,"1":1},"b":{"0":[1,3],"1":[1,3]},"_coverageSchema":"1a1c01bbd47fc00a2c39e90264f33305004495a9","hash":"cfc59354c2edc79334aa4e96a7fa016459604abc"}
,"/Users/po4tion/Desktop/study/learn/jest/dream-coding/react-jest/src/context/YoutubeApiContext.jsx": {"path":"/Users/po4tion/Desktop/study/learn/jest/dream-coding/react-jest/src/context/YoutubeApiContext.jsx","statementMap":{"0":{"start":{"line":3,"column":33},"end":{"line":3,"column":48}},"1":{"start":{"line":6,"column":2},"end":{"line":6,"column":39}}},"fnMap":{"0":{"name":"useYoutubeApi","decl":{"start":{"line":5,"column":16},"end":{"line":5,"column":29}},"loc":{"start":{"line":5,"column":32},"end":{"line":7,"column":1}},"line":5}},"branchMap":{},"s":{"0":3,"1":1},"f":{"0":1},"b":{},"_coverageSchema":"1a1c01bbd47fc00a2c39e90264f33305004495a9","hash":"d5114969bc5857adcef27bb41abde3f68bcaf120"}
,"/Users/po4tion/Desktop/study/learn/jest/dream-coding/react-jest/src/context/YoutubeProvider.jsx": {"path":"/Users/po4tion/Desktop/study/learn/jest/dream-coding/react-jest/src/context/YoutubeProvider.jsx","statementMap":{"0":{"start":{"line":5,"column":15},"end":{"line":5,"column":34}},"1":{"start":{"line":6,"column":16},"end":{"line":6,"column":35}},"2":{"start":{"line":9,"column":2},"end":{"line":13,"column":4}}},"fnMap":{"0":{"name":"YoutubeApiProvider","decl":{"start":{"line":8,"column":16},"end":{"line":8,"column":34}},"loc":{"start":{"line":8,"column":49},"end":{"line":14,"column":1}},"line":8}},"branchMap":{},"s":{"0":0,"1":0,"2":0},"f":{"0":0},"b":{}}
,"/Users/po4tion/Desktop/study/learn/jest/dream-coding/react-jest/src/pages/NotFound.jsx": {"path":"/Users/po4tion/Desktop/study/learn/jest/dream-coding/react-jest/src/pages/NotFound.jsx","statementMap":{"0":{"start":{"line":4,"column":2},"end":{"line":4,"column":31}}},"fnMap":{"0":{"name":"NotFound","decl":{"start":{"line":3,"column":24},"end":{"line":3,"column":32}},"loc":{"start":{"line":3,"column":35},"end":{"line":5,"column":1}},"line":3}},"branchMap":{},"s":{"0":0},"f":{"0":0},"b":{}}
,"/Users/po4tion/Desktop/study/learn/jest/dream-coding/react-jest/src/pages/VideoDetail.jsx": {"path":"/Users/po4tion/Desktop/study/learn/jest/dream-coding/react-jest/src/pages/VideoDetail.jsx","statementMap":{"0":{"start":{"line":9,"column":6},"end":{"line":9,"column":19}},"1":{"start":{"line":10,"column":58},"end":{"line":10,"column":71}},"2":{"start":{"line":11,"column":2},"end":{"line":33,"column":4}}},"fnMap":{"0":{"name":"VideoDetail","decl":{"start":{"line":6,"column":24},"end":{"line":6,"column":35}},"loc":{"start":{"line":6,"column":38},"end":{"line":34,"column":1}},"line":6}},"branchMap":{},"s":{"0":0,"1":0,"2":0},"f":{"0":0},"b":{}}
,"/Users/po4tion/Desktop/study/learn/jest/dream-coding/react-jest/src/pages/Videos.jsx": {"path":"/Users/po4tion/Desktop/study/learn/jest/dream-coding/react-jest/src/pages/Videos.jsx","statementMap":{"0":{"start":{"line":8,"column":22},"end":{"line":8,"column":33}},"1":{"start":{"line":9,"column":22},"end":{"line":9,"column":37}},"2":{"start":{"line":14,"column":6},"end":{"line":16,"column":4}},"3":{"start":{"line":14,"column":42},"end":{"line":14,"column":65}},"4":{"start":{"line":18,"column":2},"end":{"line":30,"column":4}},"5":{"start":{"line":25,"column":12},"end":{"line":25,"column":54}}},"fnMap":{"0":{"name":"Videos","decl":{"start":{"line":7,"column":24},"end":{"line":7,"column":30}},"loc":{"start":{"line":7,"column":33},"end":{"line":31,"column":1}},"line":7},"1":{"name":"(anonymous_1)","decl":{"start":{"line":14,"column":36},"end":{"line":14,"column":37}},"loc":{"start":{"line":14,"column":42},"end":{"line":14,"column":65}},"line":14},"2":{"name":"(anonymous_2)","decl":{"start":{"line":24,"column":22},"end":{"line":24,"column":23}},"loc":{"start":{"line":25,"column":12},"end":{"line":25,"column":54}},"line":25}},"branchMap":{"0":{"loc":{"start":{"line":20,"column":7},"end":{"line":20,"column":37}},"type":"binary-expr","locations":[{"start":{"line":20,"column":7},"end":{"line":20,"column":16}},{"start":{"line":20,"column":20},"end":{"line":20,"column":37}}],"line":20},"1":{"loc":{"start":{"line":21,"column":7},"end":{"line":21,"column":44}},"type":"binary-expr","locations":[{"start":{"line":21,"column":7},"end":{"line":21,"column":12}},{"start":{"line":21,"column":16},"end":{"line":21,"column":44}}],"line":21},"2":{"loc":{"start":{"line":22,"column":7},"end":{"line":28,"column":7}},"type":"binary-expr","locations":[{"start":{"line":22,"column":7},"end":{"line":22,"column":13}},{"start":{"line":23,"column":8},"end":{"line":27,"column":13}}],"line":22}},"s":{"0":0,"1":0,"2":0,"3":0,"4":0,"5":0},"f":{"0":0,"1":0,"2":0},"b":{"0":[0,0],"1":[0,0],"2":[0,0]}}
,"/Users/po4tion/Desktop/study/learn/jest/dream-coding/react-jest/src/tests/utils.js": {"path":"/Users/po4tion/Desktop/study/learn/jest/dream-coding/react-jest/src/tests/utils.js","statementMap":{"0":{"start":{"line":6,"column":2},"end":{"line":10,"column":4}},"1":{"start":{"line":14,"column":21},"end":{"line":14,"column":44}},"2":{"start":{"line":16,"column":2},"end":{"line":20,"column":4}},"3":{"start":{"line":24,"column":2},"end":{"line":35,"column":5}}},"fnMap":{"0":{"name":"withRouter","decl":{"start":{"line":5,"column":16},"end":{"line":5,"column":26}},"loc":{"start":{"line":5,"column":55},"end":{"line":11,"column":1}},"line":5},"1":{"name":"withAllContexts","decl":{"start":{"line":13,"column":16},"end":{"line":13,"column":31}},"loc":{"start":{"line":13,"column":51},"end":{"line":21,"column":1}},"line":13},"2":{"name":"createTestQueryClient","decl":{"start":{"line":23,"column":9},"end":{"line":23,"column":30}},"loc":{"start":{"line":23,"column":33},"end":{"line":36,"column":1}},"line":23},"3":{"name":"(anonymous_3)","decl":{"start":{"line":33,"column":13},"end":{"line":33,"column":14}},"loc":{"start":{"line":33,"column":19},"end":{"line":33,"column":21}},"line":33}},"branchMap":{"0":{"loc":{"start":{"line":5,"column":35},"end":{"line":5,"column":53}},"type":"default-arg","locations":[{"start":{"line":5,"column":50},"end":{"line":5,"column":53}}],"line":5}},"s":{"0":8,"1":1,"2":1,"3":1},"f":{"0":8,"1":1,"2":1,"3":2},"b":{"0":[6]},"_coverageSchema":"1a1c01bbd47fc00a2c39e90264f33305004495a9","hash":"65028a7e62a563c7d672b4f13686801093a028ef"}
,"/Users/po4tion/Desktop/study/learn/jest/dream-coding/react-jest/src/tests/videos.js": {"path":"/Users/po4tion/Desktop/study/learn/jest/dream-coding/react-jest/src/tests/videos.js","statementMap":{"0":{"start":{"line":1,"column":25},"end":{"line":14,"column":1}},"1":{"start":{"line":16,"column":26},"end":{"line":45,"column":1}}},"fnMap":{},"branchMap":{},"s":{"0":1,"1":1},"f":{},"b":{},"_coverageSchema":"1a1c01bbd47fc00a2c39e90264f33305004495a9","hash":"17b2b5f8c1b4eeff127812c03ade54d2f5bbb3e0"}
,"/Users/po4tion/Desktop/study/learn/jest/dream-coding/react-jest/src/util/date.js": {"path":"/Users/po4tion/Desktop/study/learn/jest/dream-coding/react-jest/src/util/date.js","statementMap":{"0":{"start":{"line":4,"column":0},"end":{"line":4,"column":25}},"1":{"start":{"line":7,"column":2},"end":{"line":7,"column":28}}},"fnMap":{"0":{"name":"formatAgo","decl":{"start":{"line":6,"column":16},"end":{"line":6,"column":25}},"loc":{"start":{"line":6,"column":48},"end":{"line":8,"column":1}},"line":6}},"branchMap":{"0":{"loc":{"start":{"line":6,"column":32},"end":{"line":6,"column":46}},"type":"default-arg","locations":[{"start":{"line":6,"column":39},"end":{"line":6,"column":46}}],"line":6}},"s":{"0":1,"1":5},"f":{"0":5},"b":{"0":[5]},"_coverageSchema":"1a1c01bbd47fc00a2c39e90264f33305004495a9","hash":"21e4dabf509cebffcf0016a541539370c81660e2"}
}
