TN:
SF:src/App.js
FN:8,App
FNF:1
FNH:0
FNDA:0,App
DA:6,0
DA:9,0
LF:2
LH:0
BRF:0
BRH:0
end_of_record
TN:
SF:src/index.js
FNF:0
FNH:0
DA:11,0
DA:24,0
DA:25,0
DA:34,0
LF:4
LH:0
BRF:0
BRH:0
end_of_record
TN:
SF:src/reportWebVitals.js
FN:1,(anonymous_0)
FN:3,(anonymous_1)
FNF:2
FNH:0
FNDA:0,(anonymous_0)
FNDA:0,(anonymous_1)
DA:1,0
DA:2,0
DA:3,0
DA:4,0
DA:5,0
DA:6,0
DA:7,0
DA:8,0
LF:8
LH:0
BRDA:2,0,0,0
BRDA:2,0,1,0
BRDA:2,1,0,0
BRDA:2,1,1,0
BRF:4
BRH:0
end_of_record
TN:
SF:src/api/fakeYotubeClient.js
FN:4,(anonymous_0)
FN:9,(anonymous_1)
FN:12,(anonymous_2)
FNF:3
FNH:0
FNDA:0,(anonymous_0)
FNDA:0,(anonymous_1)
FNDA:0,(anonymous_2)
DA:5,0
DA:10,0
DA:13,0
LF:3
LH:0
BRDA:6,0,0,0
BRDA:6,0,1,0
BRF:2
BRH:0
end_of_record
TN:
SF:src/api/youtube.js
FN:2,(anonymous_0)
FN:6,(anonymous_1)
FN:10,(anonymous_2)
FN:13,(anonymous_3)
FN:16,(anonymous_4)
FN:26,(anonymous_5)
FN:27,(anonymous_6)
FN:41,(anonymous_7)
FN:42,(anonymous_8)
FN:55,(anonymous_9)
FNF:10
FNH:0
FNDA:0,(anonymous_0)
FNDA:0,(anonymous_1)
FNDA:0,(anonymous_2)
FNDA:0,(anonymous_3)
FNDA:0,(anonymous_4)
FNDA:0,(anonymous_5)
FNDA:0,(anonymous_6)
FNDA:0,(anonymous_7)
FNDA:0,(anonymous_8)
FNDA:0,(anonymous_9)
DA:3,0
DA:7,0
DA:11,0
DA:13,0
DA:17,0
DA:27,0
DA:32,0
DA:42,0
DA:47,0
DA:55,0
LF:10
LH:0
BRDA:7,0,0,0
BRDA:7,0,1,0
BRF:2
BRH:0
end_of_record
TN:
SF:src/api/youtubeClient.js
FN:4,(anonymous_0)
FN:11,(anonymous_1)
FN:15,(anonymous_2)
FN:19,(anonymous_3)
FNF:4
FNH:0
FNDA:0,(anonymous_0)
FNDA:0,(anonymous_1)
FNDA:0,(anonymous_2)
FNDA:0,(anonymous_3)
DA:5,0
DA:12,0
DA:16,0
DA:20,0
LF:4
LH:0
BRF:0
BRH:0
end_of_record
TN:
SF:src/components/ChannelInfo.jsx
FN:5,ChannelInfo
FN:9,(anonymous_1)
FNF:2
FNH:0
FNDA:0,ChannelInfo
FNDA:0,(anonymous_1)
DA:6,0
DA:7,0
DA:9,0
DA:12,0
LF:4
LH:0
BRDA:14,0,0,0
BRDA:14,0,1,0
BRF:2
BRH:0
end_of_record
TN:
SF:src/components/RelatedVideos.jsx
FN:5,RelatedVideos
FN:11,(anonymous_1)
FN:20,(anonymous_2)
FNF:3
FNH:0
FNDA:0,RelatedVideos
FNDA:0,(anonymous_1)
FNDA:0,(anonymous_2)
DA:6,0
DA:11,0
DA:14,0
DA:21,0
LF:4
LH:0
BRDA:16,0,0,0
BRDA:16,0,1,0
BRDA:17,1,0,0
BRDA:17,1,1,0
BRDA:18,2,0,0
BRDA:18,2,1,0
BRF:6
BRH:0
end_of_record
TN:
SF:src/components/SearchHeader.jsx
FN:5,SearchHeader
FN:9,(anonymous_1)
FN:14,(anonymous_2)
FN:28,(anonymous_3)
FNF:4
FNH:0
FNDA:0,SearchHeader
FNDA:0,(anonymous_1)
FNDA:0,(anonymous_2)
FNDA:0,(anonymous_3)
DA:6,0
DA:7,0
DA:8,0
DA:9,0
DA:10,0
DA:11,0
DA:14,0
DA:16,0
DA:28,0
LF:9
LH:0
BRDA:14,0,0,0
BRDA:14,0,1,0
BRF:2
BRH:0
end_of_record
TN:
SF:src/components/VideoCard.jsx
FN:5,VideoCard
FN:12,(anonymous_1)
FNF:2
FNH:2
FNDA:4,VideoCard
FNDA:1,(anonymous_1)
DA:6,4
DA:7,4
DA:8,4
DA:9,4
DA:13,1
LF:5
LH:5
BRDA:11,0,0,1
BRDA:11,0,1,3
BRDA:17,1,0,1
BRDA:17,1,1,3
BRF:4
BRH:4
end_of_record
TN:
SF:src/context/YoutubeApiContext.jsx
FN:10,YoutubeApiProvider
FN:18,useYoutubeApi
FNF:2
FNH:0
FNDA:0,YoutubeApiProvider
FNDA:0,useYoutubeApi
DA:5,0
DA:7,0
DA:8,0
DA:11,0
DA:19,0
LF:5
LH:0
BRF:0
BRH:0
end_of_record
TN:
SF:src/pages/NotFound.jsx
FN:3,NotFound
FNF:1
FNH:0
FNDA:0,NotFound
DA:4,0
LF:1
LH:0
BRF:0
BRH:0
end_of_record
TN:
SF:src/pages/VideoDetail.jsx
FN:6,VideoDetail
FNF:1
FNH:0
FNDA:0,VideoDetail
DA:9,0
DA:10,0
DA:11,0
LF:3
LH:0
BRF:0
BRH:0
end_of_record
TN:
SF:src/pages/Videos.jsx
FN:7,Videos
FN:14,(anonymous_1)
FN:24,(anonymous_2)
FNF:3
FNH:0
FNDA:0,Videos
FNDA:0,(anonymous_1)
FNDA:0,(anonymous_2)
DA:8,0
DA:9,0
DA:14,0
DA:18,0
DA:25,0
LF:5
LH:0
BRDA:20,0,0,0
BRDA:20,0,1,0
BRDA:21,1,0,0
BRDA:21,1,1,0
BRDA:22,2,0,0
BRDA:22,2,1,0
BRF:6
BRH:0
end_of_record
TN:
SF:src/tests/utils.js
FN:3,withRouter
FNF:1
FNH:1
FNDA:4,withRouter
DA:4,4
LF:1
LH:1
BRDA:3,0,0,4
BRF:1
BRH:1
end_of_record
TN:
SF:src/tests/videos.js
FNF:0
FNH:0
DA:1,1
DA:16,1
LF:2
LH:2
BRF:0
BRH:0
end_of_record
TN:
SF:src/util/date.js
FN:6,formatAgo
FNF:1
FNH:1
FNDA:5,formatAgo
DA:4,1
DA:7,5
LF:2
LH:2
BRDA:6,0,0,5
BRF:1
BRH:1
end_of_record
